Arguments: 
  /Users/santhosh-umapathi/.nvm/versions/node/v16.15.0/bin/node /Users/santhosh-umapathi/.node/corepack/yarn/1.22.19/bin/yarn.js add -D @types/react-native-ui-lib

PATH: 
  /Users/santhosh-umapathi/bin:/Users/santhosh-umapathi/.nvm/versions/node/v16.15.0/bin:/Users/santhosh-umapathi/.rbenv/bin:/Users/santhosh-umapathi/.rbenv/shims:/Users/santhosh-umapathi/.nvm/versions/node/v16.15.0/bin:/usr/local/bin:/System/Cryptexes/App/usr/bin:/usr/bin:/bin:/usr/sbin:/sbin:/opt/X11/bin:/Library/Apple/usr/bin:/Users/santhosh-umapathi/bin:/Users/santhosh-umapathi/.rbenv/bin:/Users/santhosh-umapathi/.rbenv/shims:/Users/santhosh-umapathi/.nvm/versions/node/v16.15.0/bin:/Users/santhosh-umapathi/Library/Android/sdk/emulator:/Users/santhosh-umapathi/Library/Android/sdk/tools:/Users/santhosh-umapathi/Library/Android/sdk/tools/bin:/Users/santhosh-umapathi/Library/Android/sdk/platform-tools:/Users/santhosh-umapathi/Library/Android/sdk/emulator:/Users/santhosh-umapathi/Library/Android/sdk/tools:/Users/santhosh-umapathi/Library/Android/sdk/tools/bin:/Users/santhosh-umapathi/Library/Android/sdk/platform-tools:/Users/santhosh-umapathi/Library/Android/sdk/emulator:/Users/santhosh-umapathi/Library/Android/sdk/tools:/Users/santhosh-umapathi/Library/Android/sdk/tools/bin:/Users/santhosh-umapathi/Library/Android/sdk/platform-tools

Yarn version: 
  1.22.19

Node version: 
  16.15.0

Platform: 
  darwin x64

Trace: 
  Error: https://registry.yarnpkg.com/@types%2freact-native-ui-lib: Not found
      at Request.params.callback [as _callback] (/Users/santhosh-umapathi/.node/corepack/yarn/1.22.19/lib/cli.js:66145:18)
      at Request.self.callback (/Users/santhosh-umapathi/.node/corepack/yarn/1.22.19/lib/cli.js:140890:22)
      at Request.emit (node:events:527:28)
      at Request.<anonymous> (/Users/santhosh-umapathi/.node/corepack/yarn/1.22.19/lib/cli.js:141862:10)
      at Request.emit (node:events:527:28)
      at IncomingMessage.<anonymous> (/Users/santhosh-umapathi/.node/corepack/yarn/1.22.19/lib/cli.js:141784:12)
      at Object.onceWrapper (node:events:641:28)
      at IncomingMessage.emit (node:events:539:35)
      at endReadableNT (node:internal/streams/readable:1345:12)
      at processTicksAndRejections (node:internal/process/task_queues:83:21)

npm manifest: 
  {
    "name": "rn-module",
    "version": "1.0.0",
    "description": "",
    "main": "index.js",
    "scripts": {},
    "keywords": [],
    "author": "",
    "license": "ISC",
    "peerDependencies": {
      "react-native-gesture-handler": "*",
      "react-native-reanimated": "*",
      "react-native-ui-lib": "*"
    },
    "devDependencies": {
      "@types/react": "^18.0.25",
      "@types/react-native": "^0.70.7"
    }
  }

yarn manifest: 
  No manifest

Lockfile: 
  # THIS IS AN AUTOGENERATED FILE. DO NOT EDIT THIS FILE DIRECTLY.
  # yarn lockfile v1
  
  
  "@types/prop-types@*":
    version "15.7.5"
    resolved "https://registry.yarnpkg.com/@types/prop-types/-/prop-types-15.7.5.tgz#5f19d2b85a98e9558036f6a3cacc8819420f05cf"
    integrity sha512-JCB8C6SnDoQf0cNycqd/35A7MjcnK+ZTqE7judS6o7utxUCg6imJg3QK2qzHKszlTjcj2cn+NwMB2i96ubpj7w==
  
  "@types/react-native@^0.70.7":
    version "0.70.7"
    resolved "https://registry.yarnpkg.com/@types/react-native/-/react-native-0.70.7.tgz#1708e5f746bbce2ea4e0bd5a2627560667804d46"
    integrity sha512-hBzeUWwk8sfj3vDfwEXb4hbjWjl0jb5CvWlu2gLrOUJyFHVzJ+x6Y9ilO2eVtJW7l5QmmNLILE1PkVfKRkqYuQ==
    dependencies:
      "@types/react" "*"
  
  "@types/react@*", "@types/react@^18.0.25":
    version "18.0.25"
    resolved "https://registry.yarnpkg.com/@types/react/-/react-18.0.25.tgz#8b1dcd7e56fe7315535a4af25435e0bb55c8ae44"
    integrity sha512-xD6c0KDT4m7n9uD4ZHi02lzskaiqcBxf4zi+tXZY98a04wvc0hi/TcCPC2FOESZi51Nd7tlUeOJY8RofL799/g==
    dependencies:
      "@types/prop-types" "*"
      "@types/scheduler" "*"
      csstype "^3.0.2"
  
  "@types/scheduler@*":
    version "0.16.2"
    resolved "https://registry.yarnpkg.com/@types/scheduler/-/scheduler-0.16.2.tgz#1a62f89525723dde24ba1b01b092bf5df8ad4d39"
    integrity sha512-hppQEBDmlwhFAXKJX2KnWLYu5yMfi91yazPb2l+lbJiwW+wdo1gNeRA+3RgNSO39WYX2euey41KEwnqesU2Jew==
  
  csstype@^3.0.2:
    version "3.1.1"
    resolved "https://registry.yarnpkg.com/csstype/-/csstype-3.1.1.tgz#841b532c45c758ee546a11d5bd7b7b473c8c30b9"
    integrity sha512-DJR/VvkAvSZW9bTouZue2sSxDwdTN92uHjqeKVm+0dAqdfNykRzQ95tay8aXMBAAPpUiq4Qcug2L7neoRh2Egw==
